<?xml version="1.0" encoding="UTF-8"?>
<robot generator="Robot 6.1.1 (Python 3.11.2 on win32)" generated="20240131 20:20:23.320" rpa="false" schemaversion="4">
<suite id="s1" name="TestCase4 03" source="D:\ปี3\SC313004 software en\TestCase4_03.robot">
<test id="s1-t1" name="Test Emergency Contact Form" line="10">
<kw name="Open Browser" library="SeleniumLibrary">
<arg>${URL}</arg>
<arg>${BROWSER}</arg>
<doc>Opens a new browser instance to the optional ``url``.</doc>
<msg timestamp="20240131 20:20:23.531" level="INFO">Opening browser 'Chrome' to base url 'http://localhost:8080/th/'.</msg>
<status status="PASS" starttime="20240131 20:20:23.531" endtime="20240131 20:20:25.732"/>
</kw>
<kw name="Set Selenium Speed" library="SeleniumLibrary">
<arg>${DELAY}</arg>
<doc>Sets the delay that is waited after each Selenium command.</doc>
<status status="PASS" starttime="20240131 20:20:25.733" endtime="20240131 20:20:25.734"/>
</kw>
<kw name="Click Image" library="SeleniumLibrary">
<arg>http://localhost:8080/1-home_default/hummingbird-printed-t-shirt.jpg</arg>
<doc>Clicks an image identified by ``locator``.</doc>
<msg timestamp="20240131 20:20:25.736" level="INFO">Clicking image 'http://localhost:8080/1-home_default/hummingbird-printed-t-shirt.jpg'.</msg>
<status status="PASS" starttime="20240131 20:20:25.734" endtime="20240131 20:20:32.198"/>
</kw>
<kw name="Click Button" library="SeleniumLibrary">
<arg>css=.btn.btn-primary.add-to-cart</arg>
<doc>Clicks the button identified by ``locator``.</doc>
<msg timestamp="20240131 20:20:32.199" level="INFO">Clicking button 'css=.btn.btn-primary.add-to-cart'.</msg>
<status status="PASS" starttime="20240131 20:20:32.198" endtime="20240131 20:20:42.273"/>
</kw>
<status status="PASS" starttime="20240131 20:20:23.530" endtime="20240131 20:20:42.274"/>
</test>
<status status="PASS" starttime="20240131 20:20:23.321" endtime="20240131 20:20:42.276"/>
</suite>
<statistics>
<total>
<stat pass="1" fail="0" skip="0">All Tests</stat>
</total>
<tag>
</tag>
<suite>
<stat pass="1" fail="0" skip="0" id="s1" name="TestCase4 03">TestCase4 03</stat>
</suite>
</statistics>
<errors>
</errors>
</robot>
